<?xml version="1.0" encoding="UTF-8"?>
<testsuite xmlns:xsi="http://www.w3.org/2001/XMLSchema-instance" xsi:noNamespaceSchemaLocation="https://maven.apache.org/surefire/maven-surefire-plugin/xsd/surefire-test-report.xsd" name="com.mulesoft.training.HelloMavenTest" time="16.065" tests="1" errors="0" skipped="0" failures="1">
  <properties>
[...]
</properties>
  <testcase name="mavenFlowReturnsHelloMaven" classname="com.mulesoft.training.HelloMavenTest" time="13.933">
    <failure message="expected:&lt;[HELLO WORLD]&gt; but was:&lt;[[{DESTINATION=SFO, PRICE=555, ORIGIN=YYZ, ID=0}, {DESTINATION=LAX, PRICE=450, ORIGIN=YYZ, ID=1}, {DESTINATION=SEA, PRICE=777, ORIGIN=SQL, ID=2}, {DESTINATION=SFO, PRICE=999, ORIGIN=SQL, ID=3}]]&gt;" type="org.junit.ComparisonFailure">org.junit.ComparisonFailure: expected:&lt;[HELLO WORLD]&gt; but was:&lt;[[{DESTINATION=SFO, PRICE=555, ORIGIN=YYZ, ID=0}, {DESTINATION=LAX, PRICE=450, ORIGIN=YYZ, ID=1}, {DESTINATION=SEA, PRICE=777, ORIGIN=SQL, ID=2}, {DESTINATION=SFO, PRICE=999, ORIGIN=SQL, ID=3}]]&gt;	at com.mulesoft.training.HelloMavenTest.mavenFlowReturnsHelloMaven(HelloMavenTest.java:10)</failure>
    <system-out><![CDATA[
================================================================================
= Testing: mavenFlowReturnsHelloMaven                                          =
================================================================================
INFO  2018-06-22 12:06:40,713 [Time-limited test] org.mule.tck.junit4.AbstractMuleContextTestCase: Using working directory for test: C:\Users\SVASUD~1\AppData\Local\Temp\junit8754956218028414014
INFO  2018-06-22 12:06:41,279 [Time-limited test] org.mule.lifecycle.AbstractLifecycleManager: Initialising RegistryBroker
INFO  2018-06-22 12:06:41,848 [Time-limited test] org.mule.config.spring.MuleArtifactContext: Refreshing org.mule.config.spring.MuleArtifactContext@1fc53722: startup date [Fri Jun 22 12:06:41 IST 2018]; root of context hierarchy
INFO  2018-06-22 12:06:44,842 [Time-limited test] org.mule.config.spring.processors.NoDevkitInjectorProcessor: JSR-330 'javax.inject.Inject' annotation found and supported for autowiring
WARN  2018-06-22 12:06:45,295 [Time-limited test] org.mule.expression.DefaultExpressionManager: Expression string is not an expression.  Use isExpression(String) to validate first
WARN  2018-06-22 12:06:45,295 [Time-limited test] org.mule.expression.DefaultExpressionManager: Expression string is not an expression.  Use isExpression(String) to validate first
INFO  2018-06-22 12:06:49,485 [Time-limited test] org.mule.util.journal.TransactionJournal: Using files for tx logs C:\Users\svasudevan\AppData\Local\Temp\junit8754956218028414014\queue-tx-log\tx1.log and C:\Users\svasudevan\AppData\Local\Temp\junit8754956218028414014\queue-tx-log\tx2.log
INFO  2018-06-22 12:06:49,516 [Time-limited test] org.mule.util.journal.TransactionJournal: Using files for tx logs C:\Users\svasudevan\AppData\Local\Temp\junit8754956218028414014\queue-xa-tx-log\tx1.log and C:\Users\svasudevan\AppData\Local\Temp\junit8754956218028414014\queue-xa-tx-log\tx2.log
INFO  2018-06-22 12:06:49,516 [Time-limited test] org.mule.lifecycle.AbstractLifecycleManager: Initialising connector: Active_MQ
INFO  2018-06-22 12:06:49,579 [Time-limited test] org.mule.lifecycle.AbstractLifecycleManager: Initialising model: _muleSystemModel
INFO  2018-06-22 12:06:49,579 [Time-limited test] org.mule.construct.FlowConstructLifecycleManager: Initialising flow: maven-projectFlow
INFO  2018-06-22 12:06:49,579 [Time-limited test] org.mule.exception.DefaultMessagingExceptionStrategy: Initialising exception listener: org.mule.exception.DefaultMessagingExceptionStrategy@35ebb7f4
INFO  2018-06-22 12:06:49,641 [Time-limited test] org.mule.processor.SedaStageLifecycleManager: Initialising service: maven-projectFlow.stage1
INFO  2018-06-22 12:06:49,672 [Time-limited test] org.mule.construct.FlowConstructLifecycleManager: Initialising flow: logFlights
INFO  2018-06-22 12:06:49,672 [Time-limited test] org.mule.exception.DefaultMessagingExceptionStrategy: Initialising exception listener: org.mule.exception.DefaultMessagingExceptionStrategy@59e62277
INFO  2018-06-22 12:06:49,672 [Time-limited test] org.mule.processor.SedaStageLifecycleManager: Initialising service: logFlights.stage1
INFO  2018-06-22 12:06:49,829 [Time-limited test] org.mule.config.spring.SpringXmlConfigurationBuilder: Configured Mule using "org.mule.config.spring.SpringXmlConfigurationBuilder" with configuration resource(s): "[ConfigResource{resourceName='maven-project.xml'}]"
INFO  2018-06-22 12:06:49,844 [Time-limited test] org.mule.util.queue.QueueXaResourceManager: Starting ResourceManager
INFO  2018-06-22 12:06:49,844 [Time-limited test] org.mule.util.queue.QueueXaResourceManager: Started ResourceManager
INFO  2018-06-22 12:06:49,969 [Time-limited test] org.mule.module.http.internal.listener.DefaultHttpListenerConfig: Listening for requests on http://0.0.0.0:8081
WARN  2018-06-22 12:06:52,058 [Time-limited test] org.apache.activemq.broker.BrokerService: Store limit is 102400 mb (current store usage is 0 mb). The data directory: D:\AnypointStudio\workspace\maven-project\activemq-data\localhost\KahaDB only has 101571 mb of usable space. - resetting to maximum available disk space: 101571 mb
INFO  2018-06-22 12:06:52,183 [Time-limited test] org.mule.transport.jms.activemq.ActiveMQJmsConnector: Connected: ActiveMQJmsConnector
{
  name=Active_MQ
  lifecycle=initialise
  this=1a358379
  numberOfConcurrentTransactedReceivers=4
  createMultipleTransactedReceivers=true
  connected=true
  supportedProtocols=[jms]
  serviceOverrides=<none>
}

INFO  2018-06-22 12:06:52,183 [Time-limited test] org.mule.transport.jms.activemq.ActiveMQJmsConnector: Starting: ActiveMQJmsConnector
{
  name=Active_MQ
  lifecycle=initialise
  this=1a358379
  numberOfConcurrentTransactedReceivers=4
  createMultipleTransactedReceivers=true
  connected=true
  supportedProtocols=[jms]
  serviceOverrides=<none>
}

INFO  2018-06-22 12:06:52,198 [Time-limited test] org.mule.lifecycle.AbstractLifecycleManager: Starting connector: Active_MQ
INFO  2018-06-22 12:06:52,198 [Time-limited test] org.mule.lifecycle.AbstractLifecycleManager: Starting model: _muleSystemModel
INFO  2018-06-22 12:06:52,198 [Time-limited test] org.mule.construct.FlowConstructLifecycleManager: Starting flow: maven-projectFlow
INFO  2018-06-22 12:06:52,198 [Time-limited test] org.mule.processor.SedaStageLifecycleManager: Starting service: maven-projectFlow.stage1
INFO  2018-06-22 12:06:52,230 [Time-limited test] org.mule.construct.FlowConstructLifecycleManager: Starting flow: logFlights
INFO  2018-06-22 12:06:52,230 [Time-limited test] org.mule.processor.SedaStageLifecycleManager: Starting service: logFlights.stage1
INFO  2018-06-22 12:06:52,261 [Time-limited test] org.mule.transport.jms.activemq.ActiveMQJmsConnector: Registering listener: logFlights on endpointUri: jms://flights
INFO  2018-06-22 12:06:52,323 [Time-limited test] org.mule.transport.service.DefaultTransportServiceDescriptor: Loading default inbound transformer: org.mule.transport.jms.transformers.JMSMessageToObject
INFO  2018-06-22 12:06:52,323 [Time-limited test] org.mule.transport.service.DefaultTransportServiceDescriptor: Loading default response transformer: org.mule.transport.jms.transformers.ObjectToJMSMessage
INFO  2018-06-22 12:06:52,402 [Time-limited test] org.mule.lifecycle.AbstractLifecycleManager: Initialising: 'null'. Object is: MultiConsumerJmsMessageReceiver
INFO  2018-06-22 12:06:52,402 [Time-limited test] org.mule.transport.jms.MultiConsumerJmsMessageReceiver: Connecting clusterizable message receiver
INFO  2018-06-22 12:06:52,480 [Time-limited test] org.mule.transport.jms.MultiConsumerJmsMessageReceiver: Endpoint jms://flights has been successfully reconnected.
INFO  2018-06-22 12:06:52,480 [Time-limited test] org.mule.lifecycle.AbstractLifecycleManager: Starting: 'null'. Object is: MultiConsumerJmsMessageReceiver
INFO  2018-06-22 12:06:52,480 [Time-limited test] org.mule.transport.jms.MultiConsumerJmsMessageReceiver: Starting clusterizable message receiver
INFO  2018-06-22 12:06:52,480 [Time-limited test] org.mule.DefaultMuleContext: 
**********************************************************************
* Mule Runtime and Integration Platform                              *
* Version: 3.8.5 Build: 92091ca2                                     *
* MuleSoft, Inc.                                                     *
* For more information go to http://www.mulesoft.org                 *
*                                                                    *
* Server started: 22/6/18 12:06 PM                                   *
* Server ID: 9ef340f0-75e6-11e8-8f25-34415da4ef42                    *
* JDK: 1.8.0_152 (mixed mode)                                        *
* OS encoding: Cp1252, Mule encoding: UTF-8                          *
* OS: Windows 10 -  (10.0, amd64)                                    *
* Host: WWLT340-SVASUDEVAN (10.0.75.1)                               *
*                                                                    *
* Agents Running: None                                               *
**********************************************************************
WARN  2018-06-22 12:06:52,620 [Time-limited test] org.mule.model.seda.SedaModel: The <model> element is deprecated in Mule 3.4 and will be removed in Mule 4.0.  Flows do not need to be configured inside a <model> element. 
INFO  2018-06-22 12:06:52,620 [Time-limited test] org.mule.lifecycle.AbstractLifecycleManager: Initialising model: main
INFO  2018-06-22 12:06:52,620 [Time-limited test] org.mule.lifecycle.AbstractLifecycleManager: Starting model: main
WARN  2018-06-22 12:06:52,636 [Time-limited test] org.mule.model.seda.SedaService: Services (SedaService or any custom implementation) are deprecated in Mule 3.4 and will be removed in Mule 4.0. 
INFO  2018-06-22 12:06:52,636 [Time-limited test] org.mule.service.ServiceLifecycleManager: Initialising service: appleService
INFO  2018-06-22 12:06:52,636 [Time-limited test] org.mule.exception.DefaultMessagingExceptionStrategy: Initialising exception listener: org.mule.exception.DefaultMessagingExceptionStrategy@39114d7
INFO  2018-06-22 12:06:52,636 [Time-limited test] org.mule.component.ComponentLifecycleManager: Initialising component: component.1496777670
INFO  2018-06-22 12:06:52,636 [Time-limited test] org.mule.processor.SedaStageLifecycleManager: Initialising service: appleService
INFO  2018-06-22 12:06:52,652 [Time-limited test] org.mule.service.ServiceLifecycleManager: Starting service: appleService
INFO  2018-06-22 12:06:52,652 [Time-limited test] org.mule.component.ComponentLifecycleManager: Starting component: component.1496777670
INFO  2018-06-22 12:06:52,683 [Time-limited test] org.mule.processor.SedaStageLifecycleManager: Starting service: appleService
INFO  2018-06-22 12:06:52,683 [Time-limited test] org.mule.lifecycle.AbstractLifecycleManager: Initialising connector: testConnector
INFO  2018-06-22 12:06:52,714 [Time-limited test] org.mule.tck.testmodels.mule.TestConnector: Connected: TestConnector
{
  name=testConnector
  lifecycle=initialise
  this=7d779aca
  numberOfConcurrentTransactedReceivers=4
  createMultipleTransactedReceivers=true
  connected=true
  supportedProtocols=[test]
  serviceOverrides=<none>
}

INFO  2018-06-22 12:06:52,714 [Time-limited test] org.mule.tck.testmodels.mule.TestConnector: Starting: TestConnector
{
  name=testConnector
  lifecycle=initialise
  this=7d779aca
  numberOfConcurrentTransactedReceivers=4
  createMultipleTransactedReceivers=true
  connected=true
  supportedProtocols=[test]
  serviceOverrides=<none>
}

INFO  2018-06-22 12:06:52,714 [Time-limited test] org.mule.lifecycle.AbstractLifecycleManager: Starting connector: testConnector
INFO  2018-06-22 12:06:53,052 [Time-limited test] org.mule.transport.service.DefaultTransportServiceDescriptor: Loading default outbound transformer: org.mule.transport.jms.transformers.ObjectToJMSMessage
INFO  2018-06-22 12:06:53,052 [Time-limited test] org.mule.transport.service.DefaultTransportServiceDescriptor: Loading default response transformer: org.mule.transport.jms.transformers.ObjectToJMSMessage
WARN  2018-06-22 12:06:53,052 [Time-limited test] com.mulesoft.mule.transport.jms.EeJmsMessageDispatcher: Starting patched JmsMessageReceiver
INFO  2018-06-22 12:06:53,067 [Time-limited test] org.mule.lifecycle.AbstractLifecycleManager: Initialising: 'Active_MQ.dispatcher.1049535033'. Object is: EeJmsMessageDispatcher
INFO  2018-06-22 12:06:53,067 [Time-limited test] org.mule.lifecycle.AbstractLifecycleManager: Starting: 'Active_MQ.dispatcher.1049535033'. Object is: EeJmsMessageDispatcher
INFO  2018-06-22 12:06:53,083 [Time-limited test] org.mule.construct.FlowConstructLifecycleManager: Stopping flow: maven-projectFlow
INFO  2018-06-22 12:06:53,083 [Time-limited test] org.mule.processor.SedaStageLifecycleManager: Stopping service: maven-projectFlow.stage1
INFO  2018-06-22 12:06:53,161 [logFlights.stage1.02] org.mule.api.processor.LoggerMessageProcessor: [{DESTINATION=SFO, PRICE=555, ORIGIN=YYZ, ID=0}, {DESTINATION=LAX, PRICE=450, ORIGIN=YYZ, ID=1}, {DESTINATION=SEA, PRICE=777, ORIGIN=SQL, ID=2}, {DESTINATION=SFO, PRICE=999, ORIGIN=SQL, ID=3}]
INFO  2018-06-22 12:06:53,255 [Time-limited test] org.mule.construct.FlowConstructLifecycleManager: Stopping flow: logFlights
INFO  2018-06-22 12:06:53,255 [Time-limited test] org.mule.transport.jms.activemq.ActiveMQJmsConnector: Removing listener on endpointUri: jms://flights
INFO  2018-06-22 12:06:53,255 [Time-limited test] org.mule.lifecycle.AbstractLifecycleManager: Stopping: 'null'. Object is: MultiConsumerJmsMessageReceiver
INFO  2018-06-22 12:06:53,255 [Time-limited test] org.mule.lifecycle.AbstractLifecycleManager: Disposing: 'null'. Object is: MultiConsumerJmsMessageReceiver
INFO  2018-06-22 12:06:53,255 [Time-limited test] org.mule.processor.SedaStageLifecycleManager: Stopping service: logFlights.stage1
INFO  2018-06-22 12:06:53,333 [Time-limited test] org.mule.service.ServiceLifecycleManager: Stopping service: appleService
INFO  2018-06-22 12:06:53,333 [Time-limited test] org.mule.processor.SedaStageLifecycleManager: Stopping service: appleService
INFO  2018-06-22 12:06:53,505 [Time-limited test] org.mule.component.ComponentLifecycleManager: Stopping component: component.1496777670
INFO  2018-06-22 12:06:53,505 [Time-limited test] org.mule.lifecycle.AbstractLifecycleManager: Stopping model: _muleSystemModel
INFO  2018-06-22 12:06:53,505 [Time-limited test] org.mule.lifecycle.AbstractLifecycleManager: Stopping connector: Active_MQ
INFO  2018-06-22 12:06:53,505 [Time-limited test] org.mule.lifecycle.AbstractLifecycleManager: Stopping: 'Active_MQ.dispatcher.1049535033'. Object is: EeJmsMessageDispatcher
INFO  2018-06-22 12:06:53,505 [Time-limited test] org.mule.lifecycle.AbstractLifecycleManager: Disposing: 'Active_MQ.dispatcher.1049535033'. Object is: EeJmsMessageDispatcher
INFO  2018-06-22 12:06:53,567 [Time-limited test] org.mule.module.http.internal.listener.DefaultHttpListenerConfig: Stopped listener on http://0.0.0.0:8081
INFO  2018-06-22 12:06:53,567 [Time-limited test] org.mule.util.queue.QueueXaResourceManager: Stopping ResourceManager
INFO  2018-06-22 12:06:53,567 [Time-limited test] org.mule.util.queue.QueueXaResourceManager: Stopped ResourceManager
INFO  2018-06-22 12:06:53,567 [Time-limited test] org.mule.lifecycle.AbstractLifecycleManager: Disposing RegistryBroker
INFO  2018-06-22 12:06:53,567 [Time-limited test] org.mule.construct.FlowConstructLifecycleManager: Disposing flow: maven-projectFlow
INFO  2018-06-22 12:06:53,567 [Time-limited test] org.mule.processor.SedaStageLifecycleManager: Disposing service: maven-projectFlow.stage1
INFO  2018-06-22 12:06:53,567 [Time-limited test] org.mule.construct.FlowConstructLifecycleManager: Disposing flow: logFlights
INFO  2018-06-22 12:06:53,567 [Time-limited test] org.mule.processor.SedaStageLifecycleManager: Disposing service: logFlights.stage1
INFO  2018-06-22 12:06:53,567 [Time-limited test] org.mule.service.ServiceLifecycleManager: Disposing service: appleService
INFO  2018-06-22 12:06:53,567 [Time-limited test] org.mule.component.ComponentLifecycleManager: Disposing component: component.1496777670
INFO  2018-06-22 12:06:53,567 [Time-limited test] org.mule.processor.SedaStageLifecycleManager: Disposing service: appleService
INFO  2018-06-22 12:06:53,567 [Time-limited test] org.mule.lifecycle.AbstractLifecycleManager: Disposing model: _muleSystemModel
INFO  2018-06-22 12:06:53,661 [Time-limited test] org.mule.transport.jms.activemq.ActiveMQJmsConnector: Disconnected: ActiveMQJmsConnector
{
  name=Active_MQ
  lifecycle=stop
  this=1a358379
  numberOfConcurrentTransactedReceivers=4
  createMultipleTransactedReceivers=true
  connected=true
  supportedProtocols=[jms]
  serviceOverrides=<none>
}

INFO  2018-06-22 12:06:53,661 [Time-limited test] org.mule.lifecycle.AbstractLifecycleManager: Disposing connector: Active_MQ
INFO  2018-06-22 12:06:53,724 [Time-limited test] org.mule.config.spring.MuleArtifactContext: Closing org.mule.config.spring.MuleArtifactContext@1fc53722: startup date [Fri Jun 22 12:06:41 IST 2018]; root of context hierarchy
INFO  2018-06-22 12:06:53,864 [Time-limited test] org.mule.DefaultMuleContext: 
**********************************************************************
* Mule Context shut down normally on: 22/6/18 12:06 PM               *
* Server was up for: 0 days, 0 hours, 0 mins, 4.35 sec               *
**********************************************************************
]]></system-out>
  </testcase>
</testsuite>